<?xml version="1.0" encoding="UTF-8"?>
<!-- Generated by org.testng.reporters.JUnitReportReporter -->
<testsuite skipped="0" hostname="Hirens-MBP-2.fios-router.home" name="hinal_qa.maven_java.RestapiTest" tests="2" failures="0" timestamp="2021-03-17T17:49:25 EDT" time="0.000" errors="0">
  <testcase name="apitest" time="0.000" classname="hinal_qa.maven_java.RestapiTest"/>
  <system-out/>
  <testcase name="Api" time="0.000" classname="hinal_qa.maven_java.RestapiTest"/>
  <system-out/>
</testsuite> <!-- hinal_qa.maven_java.RestapiTest -->
