<?xml version="1.0" encoding="UTF-8"?>
<!-- Generated by org.testng.reporters.JUnitReportReporter -->
<testsuite skipped="0" hostname="Hirens-MBP-2.fios-router.home" name="hinal_qa.maven_java.SeleniumTest" tests="2" failures="0" timestamp="2021-03-17T17:49:25 EDT" time="0.002" errors="0">
  <testcase name="elementsUi" time="0.001" classname="hinal_qa.maven_java.SeleniumTest"/>
  <system-out/>
  <testcase name="BrowserAutomation" time="0.001" classname="hinal_qa.maven_java.SeleniumTest"/>
  <system-out/>
</testsuite> <!-- hinal_qa.maven_java.SeleniumTest -->
